//-------------------------- 6/30/2019 -- 19:50:36 -----
Processor Init:
   Intel (unknown, Pentium Pro/II/III family), ~2.40 Ghz
     (timed at roughly 2.38 Ghz)
   FPU detected
   MMX detected
   SSE detected
 
Math Init:
   Installing Standard C extensions
   Installing Assembly extensions
   Installing FPU extensions
   Installing MMX extensions
   Installing SSE extensions
 
Input Init:
   DirectInput enabled.

Initializing chunk mappings...
   o 'TEXT' maps to TextChunk
   o 'SCHK' maps to UnknownChunk
   o 'SCHK' maps to SimChunk
Loading compiled script D:/Github/Torque-2D-Game/common/main.cs.
Loading compiled script D:/Github/Torque-2D-Game/game/main.cs.
 % - Initializing Common
Loading compiled script D:/Github/Torque-2D-Game/common/preferences/defaultPrefs.cs.
Reading Display Device information...
   Primary Display Device Found:
      Vendor Id: VEN_0000
      Device Id: DEV_0000

Using OpenGL rendering. Fullscreen: 0

Loading compiled script D:/Github/Torque-2D-Game/common/gameScripts/xml.cs.
Loading compiled script D:/Github/Torque-2D-Game/common/gameScripts/properties.cs.
Loading compiled script D:/Github/Torque-2D-Game/common/gameScripts/common.cs.
Loading compiled script D:/Github/Torque-2D-Game/common/gameScripts/audio.cs.
Loading compiled script D:/Github/Torque-2D-Game/common/gameScripts/canvas.cs.
Loading compiled script D:/Github/Torque-2D-Game/common/gameScripts/cursor.cs.
Video Init:
   Accelerated OpenGL display device detected.
   Accelerated D3D device detected.
   Voodoo 2 display device not detected.

Activating the OpenGL display device...
Activating the OpenGL display device...
Setting screen mode to 320x320x32 (w)...
Creating a new window...
Acquiring a new device context...
Pixel format set:
  32 color bits, 24 depth bits, 8 stencil bits
Creating a new rendering context...
Making the new rendering context current...
OpenGL driver information:
  Vendor: Intel
  Renderer: Intel(R) HD Graphics 5500
  Version: 4.4.0 - Build 20.19.15.4549
OpenGL Init: Enabled Extensions
  ARB_multitexture (Max Texture Units: 8)
  EXT_blend_color
  EXT_blend_minmax
  EXT_compiled_vertex_array
  EXT_texture_env_combine
  EXT_packed_pixels
  EXT_fog_coord
  ARB_texture_compression
  EXT_texture_compression_s3tc
  3DFX_texture_compression_FXT1
  (ARB|EXT)_texture_env_add
  EXT_texture_filter_anisotropic (Max anisotropy: 16)
OpenGL Init: Disabled Extensions
  EXT_paletted_texture
  NV_vertex_array_range
  WGL_EXT_swap_control

Max Texture Size reported as: 16384
Setting screen mode to 800x600x32 (w)...
OpenAL Driver Init:
   Vendor: Creative Labs Inc.
   Version: OpenAL 1.0
   Renderer: Software
   Extensions: EAX 2.0, EAX 3.0, EAX Unified, and EAX-AC3

Loading compiled script D:/Github/Torque-2D-Game/common/gui/profiles.cs.
Loading compiled script D:/Github/Torque-2D-Game/common/gui/cursors.cs.
Loading compiled script D:/Github/Torque-2D-Game/common/gui/messageBoxOk.gui.
Loading compiled script D:/Github/Torque-2D-Game/common/gui/messageBoxYesNo.gui.
Loading compiled script D:/Github/Torque-2D-Game/common/gui/messageBoxYesNoCancel.gui.
Loading compiled script D:/Github/Torque-2D-Game/common/gui/messageBoxOKCancel.gui.
Compiling D:/Github/Torque-2D-Game/common/gui/messageBoxOKCancelDetailsDlg.gui...
Loading compiled script D:/Github/Torque-2D-Game/common/gui/messageBoxOKCancelDetailsDlg.gui.
Loading compiled script D:/Github/Torque-2D-Game/common/gui/messagePopup.gui.
Loading compiled script D:/Github/Torque-2D-Game/common/gui/options.gui.
Loading compiled script D:/Github/Torque-2D-Game/common/gui/remap.gui.
Loading compiled script D:/Github/Torque-2D-Game/common/gui/console.gui.
Loading compiled script D:/Github/Torque-2D-Game/common/gui/NetworkMenu.gui.
Loading compiled script D:/Github/Torque-2D-Game/common/gui/startServer.gui.
Loading compiled script D:/Github/Torque-2D-Game/common/gui/joinServer.gui.
Loading compiled script D:/Github/Torque-2D-Game/common/gui/waitingForServer.gui.
Loading compiled script D:/Github/Torque-2D-Game/common/gui/helpDlg.gui.
Loading compiled script D:/Github/Torque-2D-Game/common/gui/messageBox.cs.
Loading compiled script D:/Github/Torque-2D-Game/common/gui/help.cs.
Loading compiled script D:/Github/Torque-2D-Game/common/gui/chatGui.gui.
Loading compiled script D:/Github/Torque-2D-Game/common/gameScripts/screenshot.cs.
Loading compiled script D:/Github/Torque-2D-Game/common/gameScripts/metrics.cs.
Loading compiled script D:/Github/Torque-2D-Game/common/Gui/FrameOverlayGui.gui.
Loading compiled script D:/Github/Torque-2D-Game/common/gameScripts/scriptDoc.cs.
Loading compiled script D:/Github/Torque-2D-Game/common/gameScripts/keybindings.cs.
Loading compiled script D:/Github/Torque-2D-Game/common/gameScripts/options.cs.
Loading compiled script D:/Github/Torque-2D-Game/common/gameScripts/levelManagement.cs.
Loading compiled script D:/Github/Torque-2D-Game/common/gameScripts/projectManagement.cs.
Loading compiled script D:/Github/Torque-2D-Game/common/gameScripts/projectResources.cs.
Loading compiled script D:/Github/Torque-2D-Game/common/gameScripts/align.cs.

Torque Game Builder (v1.7.6) initialized...
Loading compiled script D:/Github/Torque-2D-Game/resources/fishArt/resourceDatabase.cs.
 % Game Resources : Loaded Resource fishArt
Loading compiled script D:/Github/Torque-2D-Game/game/managed/datablocks.cs.
Loading compiled script D:/Github/Torque-2D-Game/game/managed/persistent.cs.
Loading compiled script D:/Github/Torque-2D-Game/game/managed/brushes.cs.
Loading compiled script D:/Github/Torque-2D-Game/game/gameScripts/datablocks.cs.
Loading compiled script D:/Github/Torque-2D-Game/game/gameScripts/guiProfiles.cs.
Loading compiled script D:/Github/Torque-2D-Game/game/gui/mainScreen.gui.
Loading compiled script D:/Github/Torque-2D-Game/game/gameScripts/game.cs.
Loading compiled script D:/Github/Torque-2D-Game/game/gameScripts/fish.cs.
Loading compiled script D:/Github/Torque-2D-Game/game/gameScripts/leftPlayer.cs.
Loading compiled script D:/Github/Torque-2D-Game/game/gameScripts/rightPlayer.cs.
Loading compiled script D:/Github/Torque-2D-Game/game/gameScripts/score.cs.
Activating DirectInput...
DirectInput joystick failed to enable!
Compiling D:/Github/Torque-2D-Game/game/data/levels/lvl1.t2d...
Loading compiled script D:/Github/Torque-2D-Game/game/data/levels/lvl1.t2d.
game/gameScripts/fish.cs (4): Unable to find object: 'this' attempting to call function 'getPosition'
game/gameScripts/fish.cs (4): Unable to find object: 'this' attempting to call function 'getPosition'
game/gameScripts/fish.cs (4): Unable to find object: 'this' attempting to call function 'getPosition'
4
6.43198
0.0319786
0.0319786
0.0319777
DirectInput deactivated.
Shutting down the OpenGL display device...
Making the GL rendering context not current...
Deleting the GL rendering context...
Releasing the device context...
